Log file open, 06/14/16 22:40:10
LogInit:Display: Running engine for game: RocketPower
LogPlatformFile: Not using cached read wrapper
LogInit:Display: RandInit(-716251613) SRandInit(-716251611).
LogTaskGraph: Started task graph with 4 named threads and 7 total threads with 1 sets of task threads.
LogStats: Stats thread started at 0.064207
LogInit: Version: 4.12.2-3005592+++UE4+Release-4.12
LogInit: API Version: 2992821
LogInit: Net Version: 3005592
LogDevObjectVersion: Number of dev versions registered: 13
LogDevObjectVersion:   Dev-Blueprints (B0D832E4-1F89-4F0D-ACCF-7EB736FD4AA2): 3
LogDevObjectVersion:   Dev-Build (E1C64328-A22C-4D53-A36C-8E866417BD8C): 0
LogDevObjectVersion:   Dev-Core (375EC13C-06E4-48FB-B500-84F0262A717E): 1
LogDevObjectVersion:   Dev-Editor (E4B068ED-F494-42E9-A231-DA0B2E46BB41): 2
LogDevObjectVersion:   Dev-Framework (CFFC743F-43B0-4480-9391-14DF171D2073): 6
LogDevObjectVersion:   Dev-Mobile (B02B49B5-BB20-44E9-A304-32B752E40360): 0
LogDevObjectVersion:   Dev-Networking (A4E4105C-59A1-49B5-A7C5-40C4547EDFEE): 0
LogDevObjectVersion:   Dev-Online (39C831C9-5AE6-47DC-9A44-9C173E1C8E7C): 0
LogDevObjectVersion:   Dev-Physics (78F01B33-EBEA-4F98-B9B4-84EACCB95AA2): 0
LogDevObjectVersion:   Dev-Platform (6631380F-2D4D-43E0-8009-CF276956A95A): 0
LogDevObjectVersion:   Dev-Rendering (12F88B9F-8875-4AFC-A67C-D90C383ABD29): 2
LogDevObjectVersion:   Dev-Sequencer (7B5AE74C-D270-4C10-A958-57980B212A5A): 0
LogDevObjectVersion:   Dev-VR (D7296918-1DD6-4BDD-9DE2-64A83CC13884): 0
LogInit: Compiled (64-bit): Jun  8 2016 08:57:49
LogInit: Compiled with Visual C++: 19.00.23026.00
LogInit: Build Configuration: Development
LogInit: Branch Name: ++UE4+Release-4.12
LogInit: Command line: -EpicPortal 
LogInit: Base directory: D:/Unreal 4/Epic Games/4.12/Engine/Binaries/Win64/
LogInit: Installed Engine Build: 1
LogInit: Using libcurl 7.41.0
LogInit:  - built for x86_64-pc-win32
LogInit:  - supports SSL with WinSSL
LogInit:  - other features:
LogInit:      CURL_VERSION_SSL
LogInit:      CURL_VERSION_IPV6
LogInit:      CURL_VERSION_ASYNCHDNS
LogInit:      CURL_VERSION_LARGEFILE
LogInit:      CURL_VERSION_IDN
LogInit:  CurlRequestOptions (configurable via config and command line):
LogInit:  - bVerifyPeer = true  - Libcurl will verify peer certificate
LogInit:  - bUseHttpProxy = false  - Libcurl will NOT use HTTP proxy
LogInit:  - bDontReuseConnections = false  - Libcurl will reuse connections
LogInit:  - CertBundlePath = nullptr  - Libcurl will use whatever was configured at build time.
LogInit: Presizing for max 8388607 objects, including 0 objects not considered by GC, pre-allocating 0 bytes for permanent pool.
LogInit: Object subsystem initialized
[2016.06.15-02.40.10:121][  0]LogInit: Selected Device Profile: [Windows]
[2016.06.15-02.40.10:121][  0]LogInit: Applying CVar settings loaded from the selected device profile: [Windows]
[2016.06.15-02.40.10:129][  0]LogInit: Computer: WINDONT
[2016.06.15-02.40.10:129][  0]LogInit: User: Lancey
[2016.06.15-02.40.10:129][  0]LogInit: CPU Page size=65536, Cores=4
[2016.06.15-02.40.10:129][  0]LogInit: High frequency timer resolution =3.417969 MHz
[2016.06.15-02.40.10:129][  0]LogMemory: Memory total: Physical=19.9GB (20GB approx)
[2016.06.15-02.40.10:129][  0]LogMemory: Platform Memory Stats for Windows
[2016.06.15-02.40.10:129][  0]LogMemory: Process Physical Memory: 189.64 MB used, 189.64 MB peak
[2016.06.15-02.40.10:129][  0]LogMemory: Process Virtual Memory: 194.98 MB used, 194.98 MB peak
[2016.06.15-02.40.10:129][  0]LogMemory: Physical Memory: 6996.75 MB used, 20421.86 MB total
[2016.06.15-02.40.10:129][  0]LogMemory: Virtual Memory: 552.33 MB used, 134217728.00 MB total
[2016.06.15-02.40.10:167][  0]LogTextLocalizationManager: No specific translations for ('en-US') exist, so ('en') translations will be used.
[2016.06.15-02.40.10:459][  0]LogD3D11RHI: D3D11 adapters:
[2016.06.15-02.40.10:477][  0]LogD3D11RHI:    0. 'NVIDIA GeForce GTX 760' (Feature Level 11_0)
[2016.06.15-02.40.10:477][  0]LogD3D11RHI:       1989/0/10210 MB DedicatedVideo/DedicatedSystem/SharedSystem, Outputs:3, VendorId:0x10de
[2016.06.15-02.40.10:478][  0]LogD3D11RHI:    1. 'Microsoft Basic Render Driver' (Feature Level 11_0)
[2016.06.15-02.40.10:478][  0]LogD3D11RHI:       0/0/10210 MB DedicatedVideo/DedicatedSystem/SharedSystem, Outputs:0, VendorId:0x1414
[2016.06.15-02.40.10:478][  0]LogD3D11RHI: Chosen D3D11 Adapter: 0
[2016.06.15-02.40.10:481][  0]LogD3D11RHI: Creating new Direct3DDevice
[2016.06.15-02.40.10:481][  0]LogD3D11RHI:     GPU DeviceId: 0x1187 (for the marketing name, search the web for "GPU Device Id")
[2016.06.15-02.40.10:481][  0]LogWindows: EnumDisplayDevices:
[2016.06.15-02.40.10:481][  0]LogWindows:    0. 'NVIDIA GeForce GTX 760' (P:1 D:1)
[2016.06.15-02.40.10:481][  0]LogWindows:    1. 'NVIDIA GeForce GTX 760' (P:0 D:1)
[2016.06.15-02.40.10:481][  0]LogWindows:    2. 'NVIDIA GeForce GTX 760' (P:0 D:1)
[2016.06.15-02.40.10:481][  0]LogWindows:    3. 'NVIDIA GeForce GTX 760' (P:0 D:0)
[2016.06.15-02.40.10:482][  0]LogWindows: DebugString: FoundDriverCount:4 
[2016.06.15-02.40.10:482][  0]LogD3D11RHI:     Adapter Name: NVIDIA GeForce GTX 760
[2016.06.15-02.40.10:482][  0]LogD3D11RHI:   Driver Version: 365.19 (internal:10.18.13.6519, unified:365.19)
[2016.06.15-02.40.10:482][  0]LogD3D11RHI:      Driver Date: 5-9-2016
[2016.06.15-02.40.10:482][  0]LogRHI: Texture pool is 1361 MB (70% of 1945 MB)
[2016.06.15-02.40.10:491][  0]LogD3D11RHI: Async texture creation enabled
[2016.06.15-02.40.10:499][  0]LogD3D11RHI: GPU Timing Frequency: 1000.000000 (Debug: 2 1)
[2016.06.15-02.40.10:499][  0]LogShaderCompilers: Guid format shader working directory is 4 characters bigger than the processId version (../../../../../Unreal Projects/RocketPower/Intermediate/Shaders/WorkingDirectory/10724/).
[2016.06.15-02.40.10:499][  0]LogShaderCompilers: Cleaned the shader compiler working directory 'C:/Users/Lancey/AppData/Local/Temp/UnrealShaderWorkingDir/95D45C3F42F49D78CC95CA96FCD58A60/'.
[2016.06.15-02.40.10:499][  0]LogShaderCompilers:Display: Using Local Shader Compiler.
[2016.06.15-02.40.11:190][  0]LogTemp:Display: Loaded TP AllDesktopTargetPlatform
[2016.06.15-02.40.11:197][  0]LogTemp:Display: Loaded TP WindowsClientTargetPlatform
[2016.06.15-02.40.11:204][  0]LogTemp:Display: Loaded TP WindowsNoEditorTargetPlatform
[2016.06.15-02.40.11:211][  0]LogTemp:Display: Loaded TP WindowsServerTargetPlatform
[2016.06.15-02.40.11:218][  0]LogTemp:Display: Loaded TP WindowsTargetPlatform
[2016.06.15-02.40.11:224][  0]LogTemp:Display: Loaded TP AndroidTargetPlatform
[2016.06.15-02.40.11:230][  0]LogTemp:Display: Loaded TP Android_ASTCTargetPlatform
[2016.06.15-02.40.11:236][  0]LogTemp:Display: Loaded TP Android_ATCTargetPlatform
[2016.06.15-02.40.11:242][  0]LogTemp:Display: Loaded TP Android_DXTTargetPlatform
[2016.06.15-02.40.11:248][  0]LogTemp:Display: Loaded TP Android_ETC1TargetPlatform
[2016.06.15-02.40.11:254][  0]LogTemp:Display: Loaded TP Android_ETC2TargetPlatform
[2016.06.15-02.40.11:266][  0]LogTemp:Display: Loaded TP Android_MultiTargetPlatform
[2016.06.15-02.40.11:266][  0]LogTemp:Display: Loaded TP Android_PVRTCTargetPlatform
[2016.06.15-02.40.11:268][  0]LogTemp:Display: Loaded TP HTML5TargetPlatform
[2016.06.15-02.40.11:288][  0]LogTemp:Display: Loaded TP IOSTargetPlatform
[2016.06.15-02.40.11:294][  0]LogTemp:Display: Loaded TP TVOSTargetPlatform
[2016.06.15-02.40.11:300][  0]LogTemp:Display: Loaded TP LinuxNoEditorTargetPlatform
[2016.06.15-02.40.11:306][  0]LogTemp:Display: Loaded TP LinuxServerTargetPlatform
[2016.06.15-02.40.11:312][  0]LogTemp:Display: Loaded TP LinuxTargetPlatform
[2016.06.15-02.40.11:312][  0]LogTargetPlatformManager:Display: Building Assets For Windows
[2016.06.15-02.40.11:373][  0]LogDerivedDataCache:Display: Max Cache Size: 512 MB
[2016.06.15-02.40.11:419][  0]LogDerivedDataCache: Loaded boot cache 0.05s 62MB C:/Users/Lancey/AppData/Local/UnrealEngine/4.12/DerivedDataCache/Boot.ddc.
[2016.06.15-02.40.11:419][  0]LogDerivedDataCache:Display: Loaded Boot cache: C:/Users/Lancey/AppData/Local/UnrealEngine/4.12/DerivedDataCache/Boot.ddc
[2016.06.15-02.40.11:420][  0]LogDerivedDataCache: FDerivedDataBackendGraph:  Pak pak cache file ../../../../../Unreal Projects/RocketPower/DerivedDataCache/DDC.ddp not found, will not use a pak cache.
[2016.06.15-02.40.11:420][  0]LogDerivedDataCache: Unable to find inner node Pak for hierarchical cache Hierarchy.
[2016.06.15-02.40.11:420][  0]LogDerivedDataCache: FDerivedDataBackendGraph:  CompressedPak pak cache file ../../../../../Unreal Projects/RocketPower/DerivedDataCache/Compressed.ddp not found, will not use a pak cache.
[2016.06.15-02.40.11:420][  0]LogDerivedDataCache: Unable to find inner node CompressedPak for hierarchical cache Hierarchy.
[2016.06.15-02.40.11:432][  0]LogDerivedDataCache:Display: Pak cache opened for reading ../../../Engine/DerivedDataCache/Compressed.ddp.
[2016.06.15-02.40.11:444][  0]LogDerivedDataCache: Using Local data cache path C:/Users/Lancey/AppData/Local/UnrealEngine/Common/DerivedDataCache: Writable
[2016.06.15-02.40.11:568][  0]LogInit: Selected Device Profile: [Windows]
[2016.06.15-02.40.11:568][  0]LogContentStreaming: Texture pool size is 0.00 MB
[2016.06.15-02.40.11:676][  0]LogMeshUtilities: No automatic mesh reduction module available
[2016.06.15-02.40.11:676][  0]LogMeshUtilities: No automatic mesh merging module available
[2016.06.15-02.40.11:676][  0]LogMeshUtilities: No distributed automatic mesh merging module available
[2016.06.15-02.40.11:861][  0]LogAssetRegistry: FAssetRegistry took 0.0219 seconds to start up
[2016.06.15-02.40.11:876][  0]LogPackageLocalizationCache: Processed 3 localized package path(s) for 2 prioritized culture(s) in 0.013401 seconds
[2016.06.15-02.40.11:881][  0]LogUObjectArray: 28739 objects as part of root set at end of initial load.
[2016.06.15-02.40.11:881][  0]LogUObjectAllocator: 5855632 out of 0 bytes used by permanent object pool.
[2016.06.15-02.40.11:881][  0]LogUObjectArray: CloseDisregardForGC: 0/0 objects in disregard for GC pool
[2016.06.15-02.40.11:886][  0]LogInit: WinSock: version 1.1 (2.2), MaxSocks=32767, MaxUdp=65467
[2016.06.15-02.40.12:008][  0]LogSlate: SlateFontCache - WITH_FREETYPE: 1, WITH_HARFBUZZ: 1
[2016.06.15-02.40.12:008][  0]LogSlate: SlateFontCache - WITH_FREETYPE: 1, WITH_HARFBUZZ: 1
[2016.06.15-02.40.12:444][  0]LogUdpMessaging: Initializing bridge on interface 0.0.0.0:0 to multicast group 230.0.0.1:6666.
[2016.06.15-02.40.12:600][  0]SourceControl: Info Source control is disabled
[2016.06.15-02.40.12:625][  0]SourceControl: Info Source control is disabled
[2016.06.15-02.40.12:630][  0]SourceControl: Info Source control is disabled
[2016.06.15-02.40.12:635][  0]SourceControl: Info Source control is disabled
[2016.06.15-02.40.12:765][  0]LogEngine: Initializing Engine...
[2016.06.15-02.40.12:778][  0]LogHMD: SteamVR failed to initialize.  Err: 108
[2016.06.15-02.40.12:802][  0]LogHMD: SteamVR failed to initialize.  Err: 108
[2016.06.15-02.40.12:900][  0]LogAIModule: Creating AISystem for world NewWorld
[2016.06.15-02.40.12:911][  0]LogInit: XAudio2 using 'Speakers (Realtek High Definition Audio)' : 6 channels at 48 kHz using 32 bits per sample (channel mask 0x3f)
[2016.06.15-02.40.12:921][  0]LogInit: FAudioDevice initialized.
[2016.06.15-02.40.12:945][  0]LogDerivedDataCache: Saved boot cache 0.02s 48MB C:/Users/Lancey/AppData/Local/UnrealEngine/4.12/DerivedDataCache/Boot.ddc.
[2016.06.15-02.40.12:952][  0]LogInit: Texture streaming: Enabled
[2016.06.15-02.40.12:972][  0]LogInit: Transaction tracking system initialized
[2016.06.15-02.40.12:989][  0]BlueprintLog: New page: Editor Load
[2016.06.15-02.40.13:047][  0]LocalizationService: Info Localization service is disabled
[2016.06.15-02.40.13:095][  0]LogConsoleResponse:Display: 
[2016.06.15-02.40.13:162][  0]LogCook:Display: Max memory allowance for cook 8192mb
[2016.06.15-02.40.13:162][  0]LogCook:Display: Mobile HDR setting 1
[2016.06.15-02.40.13:226][  0]LogFileCache: Scanning file cache for directory 'D:/Unreal 4/Unreal Projects/RocketPower/Content/' took 0.01s
[2016.06.15-02.40.13:226][  0]SourceControl: Info Source control is disabled
[2016.06.15-02.40.13:226][  0]Cmd: MAP LOAD FILE="../../../../../Unreal Projects/RocketPower/Content/FirstPersonBP/Maps/FirstPersonExampleMap.umap" TEMPLATE=0 SHOWPROGRESS=1 FEATURELEVEL=3
[2016.06.15-02.40.13:227][  0]LightingResults: New page: Lighting Build
[2016.06.15-02.40.13:228][  0]MapCheck: New page: Map Check
[2016.06.15-02.40.13:228][  0]LightingResults: New page: Lighting Build
[2016.06.15-02.40.13:589][  0]LogAIModule: Creating AISystem for world FirstPersonExampleMap
[2016.06.15-02.40.13:595][  0]LogEditorServer: Finished looking for orphan Actors (0.000 secs)
[2016.06.15-02.40.13:596][  0]Cmd: MAP CHECKDEP NOCLEARLOG
[2016.06.15-02.40.13:622][  0]MapCheck: Info Map check complete: 0 Error(s), 0 Warning(s), took 26.001ms to complete.
[2016.06.15-02.40.13:622][  0]LogFileHelpers: Loading map 'FirstPersonExampleMap' took 0.396
[2016.06.15-02.40.13:744][  0]LogCollectionManager: Loaded 0 collections in 0.000966 seconds
[2016.06.15-02.40.13:788][  0]LogFileCache: Scanning file cache for directory 'D:/Unreal 4/Unreal Projects/RocketPower/Saved/Collections/' took 0.01s
[2016.06.15-02.40.13:788][  0]LogFileCache: Scanning file cache for directory 'D:/Unreal 4/Unreal Projects/RocketPower/Content/Developers/Lancey/Collections/' took 0.01s
[2016.06.15-02.40.13:788][  0]LogFileCache: Scanning file cache for directory 'D:/Unreal 4/Unreal Projects/RocketPower/Content/Collections/' took 0.01s
[2016.06.15-02.40.13:788][  0]LogCollectionManager: Rebuilt the GUID cache for 0 collections in 0.000002 seconds
[2016.06.15-02.40.13:793][  0]LogContentBrowser: Native class hierarchy populated in 0.0054 seconds. Added 2047 classes and 369 folders.
[2016.06.15-02.40.13:796][  0]LogStats: UGameplayTagsManager::ConstructGameplayTagTree: Construct from data asset -  0.000 s
[2016.06.15-02.40.13:796][  0]LogStats: UGameplayTagsManager::ConstructGameplayTagTree: GameplayTagTreeChangedEvent.Broadcast -  0.000 s
[2016.06.15-02.40.13:796][  0]LogContentBrowser: Native class hierarchy updated for 'GameplayTags' in 0.0004 seconds. Added 12 classes and 0 folders.
[2016.06.15-02.40.13:799][  0]LogContentBrowser: Native class hierarchy updated for 'WidgetCarousel' in 0.0003 seconds. Added 0 classes and 0 folders.
[2016.06.15-02.40.13:822][  0]LogContentBrowser: Native class hierarchy updated for 'AddContentDialog' in 0.0003 seconds. Added 0 classes and 0 folders.
[2016.06.15-02.40.13:825][  0]LogContentBrowser: Native class hierarchy updated for 'SceneOutliner' in 0.0003 seconds. Added 1 classes and 2 folders.
[2016.06.15-02.40.13:834][  0]LogCrashTracker: Crashtracker disabled due to settings.
[2016.06.15-02.40.13:881][  0]LogContentBrowser: Native class hierarchy updated for 'HierarchicalLODOutliner' in 0.0003 seconds. Added 1 classes and 2 folders.
[2016.06.15-02.40.13:881][  0]LogLoad: Full Startup: 4.22 seconds (BP compile: 0.07 seconds)
[2016.06.15-02.40.13:881][  0]LogExternalProfiler: No external profilers were discovered.  External profiling features will not be available.
[2016.06.15-02.40.13:890][  0]LogOcInput: OculusInput pre-init called
[2016.06.15-02.40.13:907][  0]LogContentStreaming: Texture pool size now 1000 MB
[2016.06.15-02.40.14:018][  0]LogRenderer: Reallocating scene render targets to support 1208x576 (Frame:2).
[2016.06.15-02.40.14:067][  1]LogAssetRegistry: Asset discovery search completed in 2.2282 seconds
[2016.06.15-02.40.14:068][  1]LogCollectionManager: Rebuilt the object cache for 0 collections in 0.000000 seconds (found 0 objects)
[2016.06.15-02.40.14:068][  1]LogCollectionManager: Fixed up redirectors for 0 collections in 0.000016 seconds (updated 0 objects)
[2016.06.15-02.40.19:680][483]LogContentBrowser: Native class hierarchy updated for 'BlueprintGraph' in 0.0005 seconds. Added 111 classes and 0 folders.
[2016.06.15-02.40.23:506][733]LogProperty:Warning: ObjectProperty /Script/Engine.EdGraphPin:LinkedTo.LinkedTo: unresolved reference to 'EdGraphPin'K2Node_InputAxisEvent_187.EdGraphPin_75''
[2016.06.15-02.40.23:506][733]LogUObjectHash:Warning: Ambiguous search, could be K2Node_Select /Game/FirstPersonBP/Blueprints/FirstPersonCharacter.FirstPersonCharacter:ExecuteUbergraph_FirstPersonCharacter.K2Node_Select_1 or K2Node_Select /Engine/ArtTools/RenderToTexture/Macros/RenderToTextureMacros.RenderToTextureMacros:Array to HLSL Float Array.K2Node_Select_1
[2016.06.15-02.40.23:506][733]LogUObjectHash:Warning: Ambiguous search, could be K2Node_Select /Game/FirstPersonBP/Blueprints/FirstPersonCharacter.FirstPersonCharacter:ExecuteUbergraph_FirstPersonCharacter.K2Node_Select_1 or K2Node_Select /Game/FirstPersonBP/Blueprints/FirstPersonCharacter.FirstPersonCharacter:EventGraph.K2Node_Select_1
[2016.06.15-02.40.23:506][733]LogProperty:Warning: ObjectProperty /Script/Engine.EdGraphPin:LinkedTo.LinkedTo: unresolved reference to 'EdGraphPin'K2Node_Select_1.EdGraphPin_300''
[2016.06.15-02.40.23:506][733]LogProperty:Warning: ObjectProperty /Script/Engine.EdGraphPin:LinkedTo.LinkedTo: unresolved reference to 'EdGraphPin'K2Node_InputAxisEvent_187.EdGraphPin_76''
[2016.06.15-02.40.23:507][733]LogProperty:Warning: ObjectProperty /Script/Engine.EdGraphPin:LinkedTo.LinkedTo: unresolved reference to 'EdGraphPin'K2Node_InputAxisEvent_197.EdGraphPin_65''
[2016.06.15-02.40.23:507][733]LogUObjectHash:Warning: Ambiguous search, could be K2Node_Select /Game/FirstPersonBP/Blueprints/FirstPersonCharacter.FirstPersonCharacter:ExecuteUbergraph_FirstPersonCharacter.K2Node_Select_0 or K2Node_Select /Engine/Transient.PROTO_BP_Blueprint_0:UserConstructionScript.K2Node_Select_0
[2016.06.15-02.40.23:507][733]LogUObjectHash:Warning: Ambiguous search, could be K2Node_Select /Game/FirstPersonBP/Blueprints/FirstPersonCharacter.FirstPersonCharacter:ExecuteUbergraph_FirstPersonCharacter.K2Node_Select_0 or K2Node_Select /Game/FirstPersonBP/Blueprints/FirstPersonCharacter.FirstPersonCharacter:EventGraph.K2Node_Select_0
[2016.06.15-02.40.23:507][733]LogProperty:Warning: ObjectProperty /Script/Engine.EdGraphPin:LinkedTo.LinkedTo: unresolved reference to 'EdGraphPin'K2Node_Select_0.EdGraphPin_311''
[2016.06.15-02.40.23:507][733]LogProperty:Warning: ObjectProperty /Script/Engine.EdGraphPin:LinkedTo.LinkedTo: unresolved reference to 'EdGraphPin'K2Node_InputAxisEvent_197.EdGraphPin_66''
[2016.06.15-02.40.23:507][733]LogUObjectHash:Warning: Ambiguous search, could be K2Node_Select /Game/FirstPersonBP/Blueprints/FirstPersonCharacter.FirstPersonCharacter:ExecuteUbergraph_FirstPersonCharacter.K2Node_Select_1 or K2Node_Select /Engine/ArtTools/RenderToTexture/Macros/RenderToTextureMacros.RenderToTextureMacros:Array to HLSL Float Array.K2Node_Select_1
[2016.06.15-02.40.23:507][733]LogUObjectHash:Warning: Ambiguous search, could be K2Node_Select /Game/FirstPersonBP/Blueprints/FirstPersonCharacter.FirstPersonCharacter:ExecuteUbergraph_FirstPersonCharacter.K2Node_Select_1 or K2Node_Select /Game/FirstPersonBP/Blueprints/FirstPersonCharacter.FirstPersonCharacter:EventGraph.K2Node_Select_1
[2016.06.15-02.40.23:507][733]LogProperty:Warning: ObjectProperty /Script/Engine.EdGraphPin:LinkedTo.LinkedTo: unresolved reference to 'EdGraphPin'K2Node_Select_1.EdGraphPin_297''
[2016.06.15-02.40.23:507][733]LogUObjectHash:Warning: Ambiguous search, could be K2Node_Select /Game/FirstPersonBP/Blueprints/FirstPersonCharacter.FirstPersonCharacter:ExecuteUbergraph_FirstPersonCharacter.K2Node_Select_0 or K2Node_Select /Engine/Transient.PROTO_BP_Blueprint_0:UserConstructionScript.K2Node_Select_0
[2016.06.15-02.40.23:507][733]LogUObjectHash:Warning: Ambiguous search, could be K2Node_Select /Game/FirstPersonBP/Blueprints/FirstPersonCharacter.FirstPersonCharacter:ExecuteUbergraph_FirstPersonCharacter.K2Node_Select_0 or K2Node_Select /Game/FirstPersonBP/Blueprints/FirstPersonCharacter.FirstPersonCharacter:EventGraph.K2Node_Select_0
[2016.06.15-02.40.23:507][733]LogProperty:Warning: ObjectProperty /Script/Engine.EdGraphPin:LinkedTo.LinkedTo: unresolved reference to 'EdGraphPin'K2Node_Select_0.EdGraphPin_308''
[2016.06.15-02.40.23:508][733]LogUObjectHash:Warning: Ambiguous search, could be K2Node_CallFunction /Engine/Transient.PROTO_BP_Blueprint_0:UserConstructionScript.K2Node_CallFunction_791 or K2Node_CallFunction /Game/FirstPersonBP/Blueprints/FirstPersonCharacter.FirstPersonCharacter:EventGraph.K2Node_CallFunction_791
[2016.06.15-02.40.23:508][733]LogProperty:Warning: ObjectProperty /Script/Engine.EdGraphPin:LinkedTo.LinkedTo: unresolved reference to 'EdGraphPin'K2Node_CallFunction_791.EdGraphPin_619''
[2016.06.15-02.40.23:508][733]LogUObjectHash:Warning: Ambiguous search, could be K2Node_CallFunction /Engine/Transient.PROTO_BP_Blueprint_0:UserConstructionScript.K2Node_CallFunction_971 or K2Node_CallFunction /Game/FirstPersonBP/Blueprints/FirstPersonCharacter.FirstPersonCharacter:EventGraph.K2Node_CallFunction_971
[2016.06.15-02.40.23:508][733]LogProperty:Warning: ObjectProperty /Script/Engine.EdGraphPin:LinkedTo.LinkedTo: unresolved reference to 'EdGraphPin'K2Node_CallFunction_971.EdGraphPin_623''
[2016.06.15-02.40.23:508][733]LogUObjectHash:Warning: Ambiguous search, could be K2Node_CallFunction /Engine/Transient.PROTO_BP_Blueprint_0:UserConstructionScript.K2Node_CallFunction_791 or K2Node_CallFunction /Game/FirstPersonBP/Blueprints/FirstPersonCharacter.FirstPersonCharacter:EventGraph.K2Node_CallFunction_791
[2016.06.15-02.40.23:508][733]LogProperty:Warning: ObjectProperty /Script/Engine.EdGraphPin:LinkedTo.LinkedTo: unresolved reference to 'EdGraphPin'K2Node_CallFunction_791.EdGraphPin_618''
[2016.06.15-02.40.23:508][733]LogUObjectHash:Warning: Ambiguous search, could be K2Node_CallFunction /Engine/Transient.PROTO_BP_Blueprint_0:UserConstructionScript.K2Node_CallFunction_792 or K2Node_CallFunction /Game/FirstPersonBP/Blueprints/FirstPersonCharacter.FirstPersonCharacter:EventGraph.K2Node_CallFunction_792
[2016.06.15-02.40.23:508][733]LogProperty:Warning: ObjectProperty /Script/Engine.EdGraphPin:LinkedTo.LinkedTo: unresolved reference to 'EdGraphPin'K2Node_CallFunction_792.EdGraphPin_620''
[2016.06.15-02.40.23:509][733]LogUObjectHash:Warning: Ambiguous search, could be K2Node_Select /Game/FirstPersonBP/Blueprints/FirstPersonCharacter.FirstPersonCharacter:ExecuteUbergraph_FirstPersonCharacter.K2Node_Select_0 or K2Node_Select /Engine/Transient.PROTO_BP_Blueprint_0:UserConstructionScript.K2Node_Select_0
[2016.06.15-02.40.23:509][733]LogUObjectHash:Warning: Ambiguous search, could be K2Node_Select /Game/FirstPersonBP/Blueprints/FirstPersonCharacter.FirstPersonCharacter:ExecuteUbergraph_FirstPersonCharacter.K2Node_Select_0 or K2Node_Select /Game/FirstPersonBP/Blueprints/FirstPersonCharacter.FirstPersonCharacter:EventGraph.K2Node_Select_0
[2016.06.15-02.40.23:509][733]LogProperty:Warning: ObjectProperty /Script/Engine.EdGraphPin:LinkedTo.LinkedTo: unresolved reference to 'EdGraphPin'K2Node_Select_0.EdGraphPin_309''
[2016.06.15-02.40.23:509][733]LogUObjectHash:Warning: Ambiguous search, could be K2Node_CallFunction /Engine/Transient.PROTO_BP_Blueprint_0:UserConstructionScript.K2Node_CallFunction_243 or K2Node_CallFunction /Game/FirstPersonBP/Blueprints/FirstPersonCharacter.FirstPersonCharacter:EventGraph.K2Node_CallFunction_243
[2016.06.15-02.40.23:509][733]LogProperty:Warning: ObjectProperty /Script/Engine.EdGraphPin:LinkedTo.LinkedTo: unresolved reference to 'EdGraphPin'K2Node_CallFunction_243.EdGraphPin_625''
[2016.06.15-02.44.35:381][157]LogSavePackage: Save=55.16ms
[2016.06.15-02.44.35:381][157]LogSavePackage: Moving '../../../../../Unreal Projects/RocketPower/Saved/FirstPersonCharacter75A4FCD744C9244C03A3F189120BF1CE.tmp' to '../../../../../Unreal Projects/RocketPower/Content/FirstPersonBP/Blueprints/FirstPersonCharacter.uasset'
[2016.06.15-02.44.35:382][157]LogSavePackage:Display: Finished SavePackage ../../../../../Unreal Projects/RocketPower/Content/FirstPersonBP/Blueprints/FirstPersonCharacter.uasset
[2016.06.15-02.44.42:576][834]LogSavePackage: Save=50.34ms
[2016.06.15-02.44.42:576][834]LogSavePackage: Moving '../../../../../Unreal Projects/RocketPower/Saved/FirstPersonCharacterE470511E442F432348EFF8876ED2D9E5.tmp' to '../../../../../Unreal Projects/RocketPower/Content/FirstPersonBP/Blueprints/FirstPersonCharacter.uasset'
[2016.06.15-02.44.42:577][834]LogSavePackage:Display: Finished SavePackage ../../../../../Unreal Projects/RocketPower/Content/FirstPersonBP/Blueprints/FirstPersonCharacter.uasset
[2016.06.15-02.44.46:503][234]LogBlueprintUserMessages: Early PlayInEditor Detection: Level '/Game/FirstPersonBP/Maps/FirstPersonExampleMap.FirstPersonExampleMap:PersistentLevel' has LevelScriptBlueprint '/Game/FirstPersonBP/Maps/FirstPersonExampleMap.FirstPersonExampleMap:PersistentLevel.FirstPersonExampleMap' with GeneratedClass '/Game/FirstPersonBP/Maps/FirstPersonExampleMap.FirstPersonExampleMap_C' with ClassGeneratedBy '/Game/FirstPersonBP/Maps/FirstPersonExampleMap.FirstPersonExampleMap:PersistentLevel.FirstPersonExampleMap'
[2016.06.15-02.44.46:503][234]BlueprintLog: New page: Pre-Play auto-recompile
[2016.06.15-02.44.46:520][234]LogPlayLevel: [PlayLevel] Compiling FirstPersonCharacter before play...
[2016.06.15-02.44.46:617][234]LogPlayLevel: PlayLevel: Blueprint regeneration took 113 ms (1 blueprints)
[2016.06.15-02.44.46:670][234]PIE: New page: PIE session: FirstPersonExampleMap (Jun 14, 2016, 5:44:46 PM)
[2016.06.15-02.44.46:670][234]LogPlayLevel: Creating play world package: /Game/FirstPersonBP/Maps/UEDPIE_0_FirstPersonExampleMap
[2016.06.15-02.44.46:691][234]LogPlayLevel: PIE: StaticDuplicateObject took: (0.021448s)
[2016.06.15-02.44.46:692][234]LogAIModule: Creating AISystem for world FirstPersonExampleMap
[2016.06.15-02.44.46:692][234]LogPlayLevel: PIE: World Init took: (0.000860s)
[2016.06.15-02.44.46:692][234]LogPlayLevel: PIE: Created PIE world by copying editor world from /Game/FirstPersonBP/Maps/FirstPersonExampleMap.FirstPersonExampleMap to /Game/FirstPersonBP/Maps/UEDPIE_0_FirstPersonExampleMap.FirstPersonExampleMap (0.022512s)
[2016.06.15-02.44.46:714][234]LogInit: XAudio2 using 'Speakers (Realtek High Definition Audio)' : 6 channels at 48 kHz using 32 bits per sample (channel mask 0x3f)
[2016.06.15-02.44.46:723][234]LogInit: FAudioDevice initialized.
[2016.06.15-02.44.46:779][234]LogWorld: Game class is 'FirstPersonGameMode_C'
[2016.06.15-02.44.46:782][234]LogWorld: Bringing World /Game/FirstPersonBP/Maps/UEDPIE_0_FirstPersonExampleMap.FirstPersonExampleMap up for play (max tick rate 0) at 2016.06.14-22.44.46
[2016.06.15-02.44.46:783][234]LogWorld: Bringing up level for play took: 0.002853
[2016.06.15-02.44.46:786][234]LogContentBrowser: Native class hierarchy updated for 'MovieSceneCapture' in 0.0003 seconds. Added 11 classes and 0 folders.
[2016.06.15-02.44.46:786][234]PIE: Info Play in editor start time for /Game/FirstPersonBP/Maps/UEDPIE_0_FirstPersonExampleMap 0.84
[2016.06.15-02.44.46:786][234]LogBlueprintUserMessages: Late PlayInEditor Detection: Level '/Game/FirstPersonBP/Maps/FirstPersonExampleMap.FirstPersonExampleMap:PersistentLevel' has LevelScriptBlueprint '/Game/FirstPersonBP/Maps/FirstPersonExampleMap.FirstPersonExampleMap:PersistentLevel.FirstPersonExampleMap' with GeneratedClass '/Game/FirstPersonBP/Maps/FirstPersonExampleMap.FirstPersonExampleMap_C' with ClassGeneratedBy '/Game/FirstPersonBP/Maps/FirstPersonExampleMap.FirstPersonExampleMap:PersistentLevel.FirstPersonExampleMap'
[2016.06.15-02.45.06:356][552]LogBlueprintUserMessages: Early EndPlayMap Detection: Level '/Game/FirstPersonBP/Maps/FirstPersonExampleMap.FirstPersonExampleMap:PersistentLevel' has LevelScriptBlueprint '/Game/FirstPersonBP/Maps/FirstPersonExampleMap.FirstPersonExampleMap:PersistentLevel.FirstPersonExampleMap' with GeneratedClass '/Game/FirstPersonBP/Maps/FirstPersonExampleMap.FirstPersonExampleMap_C' with ClassGeneratedBy '/Game/FirstPersonBP/Maps/FirstPersonExampleMap.FirstPersonExampleMap:PersistentLevel.FirstPersonExampleMap'
[2016.06.15-02.45.06:389][552]LogBlueprintUserMessages: Late EndPlayMap Detection: Level '/Game/FirstPersonBP/Maps/FirstPersonExampleMap.FirstPersonExampleMap:PersistentLevel' has LevelScriptBlueprint '/Game/FirstPersonBP/Maps/FirstPersonExampleMap.FirstPersonExampleMap:PersistentLevel.FirstPersonExampleMap' with GeneratedClass '/Game/FirstPersonBP/Maps/FirstPersonExampleMap.FirstPersonExampleMap_C' with ClassGeneratedBy '/Game/FirstPersonBP/Maps/FirstPersonExampleMap.FirstPersonExampleMap:PersistentLevel.FirstPersonExampleMap'
[2016.06.15-02.45.16:833][462]LogUObjectHash:Warning: Ambiguous search, could be K2Node_CallFunction /Engine/Transient.PROTO_BP_Blueprint_0:UserConstructionScript.K2Node_CallFunction_126 or K2Node_CallFunction /Game/FirstPersonBP/Blueprints/FirstPersonCharacter.FirstPersonCharacter:EventGraph.K2Node_CallFunction_126
[2016.06.15-02.45.16:833][462]LogProperty:Warning: ObjectProperty /Script/Engine.EdGraphPin:LinkedTo.LinkedTo: unresolved reference to 'EdGraphPin'K2Node_CallFunction_126.EdGraphPin_719''
[2016.06.15-02.45.24:379][150]LogEditorTransaction: Undo Move Nodes
[2016.06.15-02.45.25:160][205]LogEditorTransaction: Undo Paste clipboard contents
[2016.06.15-02.45.29:136][559]LogUObjectHash:Warning: Ambiguous search, could be K2Node_CallFunction /Game/FirstPersonBP/Blueprints/FirstPersonCharacter.FirstPersonCharacter:EventGraph.K2Node_CallFunction_126 or K2Node_CallFunction /Game/FirstPersonBP/Blueprints/FirstPersonCharacter.FirstPersonCharacter:EventGraph.K2Node_CallFunction_126
[2016.06.15-02.45.29:137][559]LogUObjectHash:Warning: Ambiguous search, could be K2Node_VariableGet /Game/FirstPersonBP/Blueprints/FirstPersonCharacter.FirstPersonCharacter:EventGraph.K2Node_VariableGet_46 or K2Node_VariableGet /Game/FirstPersonBP/Blueprints/FirstPersonCharacter.FirstPersonCharacter:EventGraph.K2Node_VariableGet_46
[2016.06.15-02.45.29:137][559]LogUObjectHash:Warning: Ambiguous search, could be K2Node_IfThenElse /Engine/EditorBlueprintResources/StandardMacros.StandardMacros:WhileLoop.K2Node_IfThenElse_12 or K2Node_IfThenElse /Game/FirstPersonBP/Blueprints/FirstPersonCharacter.FirstPersonCharacter:EventGraph.K2Node_IfThenElse_12
[2016.06.15-02.45.29:137][559]LogProperty:Warning: ObjectProperty /Script/Engine.EdGraphPin:LinkedTo.LinkedTo: unresolved reference to 'EdGraphPin'K2Node_IfThenElse_12.EdGraphPin_714''
[2016.06.15-02.45.35:174][ 93]LogUObjectHash:Warning: Ambiguous search, could be K2Node_VariableGet /Game/FirstPersonBP/Blueprints/FirstPersonCharacter.FirstPersonCharacter:EventGraph.K2Node_VariableGet_46 or K2Node_VariableGet /Game/FirstPersonBP/Blueprints/FirstPersonCharacter.FirstPersonCharacter:EventGraph.K2Node_VariableGet_46
[2016.06.15-02.45.53:463][649]LogSavePackage: Save=57.61ms
[2016.06.15-02.45.53:463][649]LogSavePackage: Moving '../../../../../Unreal Projects/RocketPower/Saved/FirstPersonCharacterA4B73AEF4A249DB6865EEF94CC2671D4.tmp' to '../../../../../Unreal Projects/RocketPower/Content/FirstPersonBP/Blueprints/FirstPersonCharacter.uasset'
[2016.06.15-02.45.53:464][649]LogSavePackage:Display: Finished SavePackage ../../../../../Unreal Projects/RocketPower/Content/FirstPersonBP/Blueprints/FirstPersonCharacter.uasset
[2016.06.15-02.46.00:265][415]LogBlueprintUserMessages: Early PlayInEditor Detection: Level '/Game/FirstPersonBP/Maps/FirstPersonExampleMap.FirstPersonExampleMap:PersistentLevel' has LevelScriptBlueprint '/Game/FirstPersonBP/Maps/FirstPersonExampleMap.FirstPersonExampleMap:PersistentLevel.FirstPersonExampleMap' with GeneratedClass '/Game/FirstPersonBP/Maps/FirstPersonExampleMap.FirstPersonExampleMap_C' with ClassGeneratedBy '/Game/FirstPersonBP/Maps/FirstPersonExampleMap.FirstPersonExampleMap:PersistentLevel.FirstPersonExampleMap'
[2016.06.15-02.46.00:265][415]BlueprintLog: New page: Pre-Play auto-recompile
[2016.06.15-02.46.00:280][415]LogPlayLevel: [PlayLevel] Compiling FirstPersonCharacter before play...
[2016.06.15-02.46.00:355][415]LogPlayLevel: PlayLevel: Blueprint regeneration took 89 ms (1 blueprints)
[2016.06.15-02.46.00:371][415]PIE: New page: PIE session: FirstPersonExampleMap (Jun 14, 2016, 5:46:00 PM)
[2016.06.15-02.46.00:371][415]LogPlayLevel: Creating play world package: /Game/FirstPersonBP/Maps/UEDPIE_0_FirstPersonExampleMap
[2016.06.15-02.46.00:390][415]LogPlayLevel: PIE: StaticDuplicateObject took: (0.018524s)
[2016.06.15-02.46.00:391][415]LogAIModule: Creating AISystem for world FirstPersonExampleMap
[2016.06.15-02.46.00:391][415]LogPlayLevel: PIE: World Init took: (0.000839s)
[2016.06.15-02.46.00:391][415]LogPlayLevel: PIE: Created PIE world by copying editor world from /Game/FirstPersonBP/Maps/FirstPersonExampleMap.FirstPersonExampleMap to /Game/FirstPersonBP/Maps/UEDPIE_0_FirstPersonExampleMap.FirstPersonExampleMap (0.019701s)
[2016.06.15-02.46.00:414][415]LogInit: XAudio2 using 'Speakers (Realtek High Definition Audio)' : 6 channels at 48 kHz using 32 bits per sample (channel mask 0x3f)
[2016.06.15-02.46.00:422][415]LogInit: FAudioDevice initialized.
[2016.06.15-02.46.00:462][415]LogWorld: Game class is 'FirstPersonGameMode_C'
[2016.06.15-02.46.00:466][415]LogWorld: Bringing World /Game/FirstPersonBP/Maps/UEDPIE_0_FirstPersonExampleMap.FirstPersonExampleMap up for play (max tick rate 0) at 2016.06.14-22.46.00
[2016.06.15-02.46.00:466][415]LogWorld: Bringing up level for play took: 0.002978
[2016.06.15-02.46.00:467][415]PIE: Info Play in editor start time for /Game/FirstPersonBP/Maps/UEDPIE_0_FirstPersonExampleMap 0.521
[2016.06.15-02.46.00:467][415]LogBlueprintUserMessages: Late PlayInEditor Detection: Level '/Game/FirstPersonBP/Maps/FirstPersonExampleMap.FirstPersonExampleMap:PersistentLevel' has LevelScriptBlueprint '/Game/FirstPersonBP/Maps/FirstPersonExampleMap.FirstPersonExampleMap:PersistentLevel.FirstPersonExampleMap' with GeneratedClass '/Game/FirstPersonBP/Maps/FirstPersonExampleMap.FirstPersonExampleMap_C' with ClassGeneratedBy '/Game/FirstPersonBP/Maps/FirstPersonExampleMap.FirstPersonExampleMap:PersistentLevel.FirstPersonExampleMap'
[2016.06.15-02.46.16:806][333]LogBlueprintUserMessages: Early EndPlayMap Detection: Level '/Game/FirstPersonBP/Maps/FirstPersonExampleMap.FirstPersonExampleMap:PersistentLevel' has LevelScriptBlueprint '/Game/FirstPersonBP/Maps/FirstPersonExampleMap.FirstPersonExampleMap:PersistentLevel.FirstPersonExampleMap' with GeneratedClass '/Game/FirstPersonBP/Maps/FirstPersonExampleMap.FirstPersonExampleMap_C' with ClassGeneratedBy '/Game/FirstPersonBP/Maps/FirstPersonExampleMap.FirstPersonExampleMap:PersistentLevel.FirstPersonExampleMap'
[2016.06.15-02.46.16:839][333]LogBlueprintUserMessages: Late EndPlayMap Detection: Level '/Game/FirstPersonBP/Maps/FirstPersonExampleMap.FirstPersonExampleMap:PersistentLevel' has LevelScriptBlueprint '/Game/FirstPersonBP/Maps/FirstPersonExampleMap.FirstPersonExampleMap:PersistentLevel.FirstPersonExampleMap' with GeneratedClass '/Game/FirstPersonBP/Maps/FirstPersonExampleMap.FirstPersonExampleMap_C' with ClassGeneratedBy '/Game/FirstPersonBP/Maps/FirstPersonExampleMap.FirstPersonExampleMap:PersistentLevel.FirstPersonExampleMap'
[2016.06.15-02.46.20:157][628]LogRenderer: Reallocating scene render targets to support 1208x856 (Frame:14239).
[2016.06.15-02.46.37:276][333]LogSavePackage: Save=56.28ms
[2016.06.15-02.46.37:276][333]LogSavePackage: Moving '../../../../../Unreal Projects/RocketPower/Saved/FirstPersonCharacter28FE3C744D5C3A2A723A2483A6553316.tmp' to '../../../../../Unreal Projects/RocketPower/Content/FirstPersonBP/Blueprints/FirstPersonCharacter.uasset'
[2016.06.15-02.46.37:277][333]LogSavePackage:Display: Finished SavePackage ../../../../../Unreal Projects/RocketPower/Content/FirstPersonBP/Blueprints/FirstPersonCharacter.uasset
[2016.06.15-02.46.38:966][515]LogBlueprintUserMessages: Early PlayInEditor Detection: Level '/Game/FirstPersonBP/Maps/FirstPersonExampleMap.FirstPersonExampleMap:PersistentLevel' has LevelScriptBlueprint '/Game/FirstPersonBP/Maps/FirstPersonExampleMap.FirstPersonExampleMap:PersistentLevel.FirstPersonExampleMap' with GeneratedClass '/Game/FirstPersonBP/Maps/FirstPersonExampleMap.FirstPersonExampleMap_C' with ClassGeneratedBy '/Game/FirstPersonBP/Maps/FirstPersonExampleMap.FirstPersonExampleMap:PersistentLevel.FirstPersonExampleMap'
[2016.06.15-02.46.38:966][515]BlueprintLog: New page: Pre-Play auto-recompile
[2016.06.15-02.46.38:981][515]LogPlayLevel: [PlayLevel] Compiling FirstPersonCharacter before play...
[2016.06.15-02.46.39:595][515]LogPlayLevel: PlayLevel: Blueprint regeneration took 628 ms (1 blueprints)
[2016.06.15-02.46.39:610][515]PIE: New page: PIE session: FirstPersonExampleMap (Jun 14, 2016, 5:46:39 PM)
[2016.06.15-02.46.39:610][515]LogPlayLevel: Creating play world package: /Game/FirstPersonBP/Maps/UEDPIE_0_FirstPersonExampleMap
[2016.06.15-02.46.39:627][515]LogPlayLevel: PIE: StaticDuplicateObject took: (0.016950s)
[2016.06.15-02.46.39:627][515]LogAIModule: Creating AISystem for world FirstPersonExampleMap
[2016.06.15-02.46.39:627][515]LogPlayLevel: PIE: World Init took: (0.000889s)
[2016.06.15-02.46.39:627][515]LogPlayLevel: PIE: Created PIE world by copying editor world from /Game/FirstPersonBP/Maps/FirstPersonExampleMap.FirstPersonExampleMap to /Game/FirstPersonBP/Maps/UEDPIE_0_FirstPersonExampleMap.FirstPersonExampleMap (0.018057s)
[2016.06.15-02.46.39:652][515]LogInit: XAudio2 using 'Speakers (Realtek High Definition Audio)' : 6 channels at 48 kHz using 32 bits per sample (channel mask 0x3f)
[2016.06.15-02.46.39:659][515]LogInit: FAudioDevice initialized.
[2016.06.15-02.46.39:699][515]LogWorld: Game class is 'FirstPersonGameMode_C'
[2016.06.15-02.46.39:702][515]LogWorld: Bringing World /Game/FirstPersonBP/Maps/UEDPIE_0_FirstPersonExampleMap.FirstPersonExampleMap up for play (max tick rate 0) at 2016.06.14-22.46.39
[2016.06.15-02.46.39:702][515]LogWorld: Bringing up level for play took: 0.002867
[2016.06.15-02.46.39:703][515]PIE: Info Play in editor start time for /Game/FirstPersonBP/Maps/UEDPIE_0_FirstPersonExampleMap -0.243
[2016.06.15-02.46.39:703][515]LogBlueprintUserMessages: Late PlayInEditor Detection: Level '/Game/FirstPersonBP/Maps/FirstPersonExampleMap.FirstPersonExampleMap:PersistentLevel' has LevelScriptBlueprint '/Game/FirstPersonBP/Maps/FirstPersonExampleMap.FirstPersonExampleMap:PersistentLevel.FirstPersonExampleMap' with GeneratedClass '/Game/FirstPersonBP/Maps/FirstPersonExampleMap.FirstPersonExampleMap_C' with ClassGeneratedBy '/Game/FirstPersonBP/Maps/FirstPersonExampleMap.FirstPersonExampleMap:PersistentLevel.FirstPersonExampleMap'
[2016.06.15-02.46.50:739][822]LogBlueprintUserMessages: Early EndPlayMap Detection: Level '/Game/FirstPersonBP/Maps/FirstPersonExampleMap.FirstPersonExampleMap:PersistentLevel' has LevelScriptBlueprint '/Game/FirstPersonBP/Maps/FirstPersonExampleMap.FirstPersonExampleMap:PersistentLevel.FirstPersonExampleMap' with GeneratedClass '/Game/FirstPersonBP/Maps/FirstPersonExampleMap.FirstPersonExampleMap_C' with ClassGeneratedBy '/Game/FirstPersonBP/Maps/FirstPersonExampleMap.FirstPersonExampleMap:PersistentLevel.FirstPersonExampleMap'
[2016.06.15-02.46.50:770][822]LogBlueprintUserMessages: Late EndPlayMap Detection: Level '/Game/FirstPersonBP/Maps/FirstPersonExampleMap.FirstPersonExampleMap:PersistentLevel' has LevelScriptBlueprint '/Game/FirstPersonBP/Maps/FirstPersonExampleMap.FirstPersonExampleMap:PersistentLevel.FirstPersonExampleMap' with GeneratedClass '/Game/FirstPersonBP/Maps/FirstPersonExampleMap.FirstPersonExampleMap_C' with ClassGeneratedBy '/Game/FirstPersonBP/Maps/FirstPersonExampleMap.FirstPersonExampleMap:PersistentLevel.FirstPersonExampleMap'
[2016.06.15-02.47.14:529][ 29]LogSavePackage: Save=876.77ms
[2016.06.15-02.47.14:529][ 29]LogSavePackage: Moving '../../../../../Unreal Projects/RocketPower/Saved/FirstPersonExampleMap5263B8EC45690BE17CAB9BA0C9691608.tmp' to '../../../../../Unreal Projects/RocketPower/Content/FirstPersonBP/Maps/FirstPersonExampleMap.umap'
[2016.06.15-02.47.14:532][ 29]LogSavePackage:Display: Finished SavePackage ../../../../../Unreal Projects/RocketPower/Content/FirstPersonBP/Maps/FirstPersonExampleMap.umap
[2016.06.15-02.47.14:548][ 29]LogFileHelpers: Saving map 'FirstPersonExampleMap' took 0.957
[2016.06.15-02.47.14:649][ 29]LogSavePackage: Save=79.32ms
[2016.06.15-02.47.14:649][ 29]LogSavePackage: Moving '../../../../../Unreal Projects/RocketPower/Saved/FirstPersonCharacterA3636C8F4C625D25864C159C11FAAA19.tmp' to '../../../../../Unreal Projects/RocketPower/Content/FirstPersonBP/Blueprints/FirstPersonCharacter.uasset'
[2016.06.15-02.47.14:650][ 29]LogSavePackage:Display: Finished SavePackage ../../../../../Unreal Projects/RocketPower/Content/FirstPersonBP/Blueprints/FirstPersonCharacter.uasset
[2016.06.15-02.47.16:125][186]LogBlueprintUserMessages: Early PlayInEditor Detection: Level '/Game/FirstPersonBP/Maps/FirstPersonExampleMap.FirstPersonExampleMap:PersistentLevel' has LevelScriptBlueprint '/Game/FirstPersonBP/Maps/FirstPersonExampleMap.FirstPersonExampleMap:PersistentLevel.FirstPersonExampleMap' with GeneratedClass '/Game/FirstPersonBP/Maps/FirstPersonExampleMap.FirstPersonExampleMap_C' with ClassGeneratedBy '/Game/FirstPersonBP/Maps/FirstPersonExampleMap.FirstPersonExampleMap:PersistentLevel.FirstPersonExampleMap'
[2016.06.15-02.47.16:125][186]BlueprintLog: New page: Pre-Play auto-recompile
[2016.06.15-02.47.16:132][186]LogPlayLevel: [PlayLevel] Compiling FirstPersonCharacter before play...
[2016.06.15-02.47.16:314][186]LogPlayLevel: PlayLevel: Blueprint regeneration took 189 ms (1 blueprints)
[2016.06.15-02.47.16:329][186]PIE: New page: PIE session: FirstPersonExampleMap (Jun 14, 2016, 5:47:16 PM)
[2016.06.15-02.47.16:329][186]LogPlayLevel: Creating play world package: /Game/FirstPersonBP/Maps/UEDPIE_0_FirstPersonExampleMap
[2016.06.15-02.47.16:347][186]LogPlayLevel: PIE: StaticDuplicateObject took: (0.018113s)
[2016.06.15-02.47.16:348][186]LogAIModule: Creating AISystem for world FirstPersonExampleMap
[2016.06.15-02.47.16:348][186]LogPlayLevel: PIE: World Init took: (0.000989s)
[2016.06.15-02.47.16:348][186]LogPlayLevel: PIE: Created PIE world by copying editor world from /Game/FirstPersonBP/Maps/FirstPersonExampleMap.FirstPersonExampleMap to /Game/FirstPersonBP/Maps/UEDPIE_0_FirstPersonExampleMap.FirstPersonExampleMap (0.019331s)
[2016.06.15-02.47.16:370][186]LogInit: XAudio2 using 'Speakers (Realtek High Definition Audio)' : 6 channels at 48 kHz using 32 bits per sample (channel mask 0x3f)
[2016.06.15-02.47.16:377][186]LogInit: FAudioDevice initialized.
[2016.06.15-02.47.16:416][186]LogWorld: Game class is 'FirstPersonGameMode_C'
[2016.06.15-02.47.16:420][186]LogWorld: Bringing World /Game/FirstPersonBP/Maps/UEDPIE_0_FirstPersonExampleMap.FirstPersonExampleMap up for play (max tick rate 0) at 2016.06.14-22.47.16
[2016.06.15-02.47.16:420][186]LogWorld: Bringing up level for play took: 0.002784
[2016.06.15-02.47.16:421][186]PIE: Info Play in editor start time for /Game/FirstPersonBP/Maps/UEDPIE_0_FirstPersonExampleMap 0.475
[2016.06.15-02.47.16:421][186]LogBlueprintUserMessages: Late PlayInEditor Detection: Level '/Game/FirstPersonBP/Maps/FirstPersonExampleMap.FirstPersonExampleMap:PersistentLevel' has LevelScriptBlueprint '/Game/FirstPersonBP/Maps/FirstPersonExampleMap.FirstPersonExampleMap:PersistentLevel.FirstPersonExampleMap' with GeneratedClass '/Game/FirstPersonBP/Maps/FirstPersonExampleMap.FirstPersonExampleMap_C' with ClassGeneratedBy '/Game/FirstPersonBP/Maps/FirstPersonExampleMap.FirstPersonExampleMap:PersistentLevel.FirstPersonExampleMap'
[2016.06.15-02.47.31:845][ 24]LogBlueprintUserMessages: Early EndPlayMap Detection: Level '/Game/FirstPersonBP/Maps/FirstPersonExampleMap.FirstPersonExampleMap:PersistentLevel' has LevelScriptBlueprint '/Game/FirstPersonBP/Maps/FirstPersonExampleMap.FirstPersonExampleMap:PersistentLevel.FirstPersonExampleMap' with GeneratedClass '/Game/FirstPersonBP/Maps/FirstPersonExampleMap.FirstPersonExampleMap_C' with ClassGeneratedBy '/Game/FirstPersonBP/Maps/FirstPersonExampleMap.FirstPersonExampleMap:PersistentLevel.FirstPersonExampleMap'
[2016.06.15-02.47.31:878][ 24]LogBlueprintUserMessages: Late EndPlayMap Detection: Level '/Game/FirstPersonBP/Maps/FirstPersonExampleMap.FirstPersonExampleMap:PersistentLevel' has LevelScriptBlueprint '/Game/FirstPersonBP/Maps/FirstPersonExampleMap.FirstPersonExampleMap:PersistentLevel.FirstPersonExampleMap' with GeneratedClass '/Game/FirstPersonBP/Maps/FirstPersonExampleMap.FirstPersonExampleMap_C' with ClassGeneratedBy '/Game/FirstPersonBP/Maps/FirstPersonExampleMap.FirstPersonExampleMap:PersistentLevel.FirstPersonExampleMap'
[2016.06.15-02.47.41:107][ 99]LogBlueprintUserMessages: Early PlayInEditor Detection: Level '/Game/FirstPersonBP/Maps/FirstPersonExampleMap.FirstPersonExampleMap:PersistentLevel' has LevelScriptBlueprint '/Game/FirstPersonBP/Maps/FirstPersonExampleMap.FirstPersonExampleMap:PersistentLevel.FirstPersonExampleMap' with GeneratedClass '/Game/FirstPersonBP/Maps/FirstPersonExampleMap.FirstPersonExampleMap_C' with ClassGeneratedBy '/Game/FirstPersonBP/Maps/FirstPersonExampleMap.FirstPersonExampleMap:PersistentLevel.FirstPersonExampleMap'
[2016.06.15-02.47.41:107][ 99]LogPlayLevel: PlayLevel: No blueprints needed recompiling
[2016.06.15-02.47.41:107][ 99]PIE: New page: PIE session: FirstPersonExampleMap (Jun 14, 2016, 5:47:41 PM)
[2016.06.15-02.47.41:107][ 99]LogPlayLevel: Creating play world package: /Game/FirstPersonBP/Maps/UEDPIE_0_FirstPersonExampleMap
[2016.06.15-02.47.41:123][ 99]LogPlayLevel: PIE: StaticDuplicateObject took: (0.015067s)
[2016.06.15-02.47.41:124][ 99]LogAIModule: Creating AISystem for world FirstPersonExampleMap
[2016.06.15-02.47.41:124][ 99]LogPlayLevel: PIE: World Init took: (0.000861s)
[2016.06.15-02.47.41:124][ 99]LogPlayLevel: PIE: Created PIE world by copying editor world from /Game/FirstPersonBP/Maps/FirstPersonExampleMap.FirstPersonExampleMap to /Game/FirstPersonBP/Maps/UEDPIE_0_FirstPersonExampleMap.FirstPersonExampleMap (0.016147s)
[2016.06.15-02.47.41:145][ 99]LogInit: XAudio2 using 'Speakers (Realtek High Definition Audio)' : 6 channels at 48 kHz using 32 bits per sample (channel mask 0x3f)
[2016.06.15-02.47.41:151][ 99]LogInit: FAudioDevice initialized.
[2016.06.15-02.47.41:237][ 99]LogWorld: Game class is 'FirstPersonGameMode_C'
[2016.06.15-02.47.41:241][ 99]LogWorld: Bringing World /Game/FirstPersonBP/Maps/UEDPIE_0_FirstPersonExampleMap.FirstPersonExampleMap up for play (max tick rate 0) at 2016.06.14-22.47.41
[2016.06.15-02.47.41:241][ 99]LogWorld: Bringing up level for play took: 0.002914
[2016.06.15-02.47.41:311][ 99]PIE: Info Play in editor start time for /Game/FirstPersonBP/Maps/UEDPIE_0_FirstPersonExampleMap -0.635
[2016.06.15-02.47.41:312][ 99]LogBlueprintUserMessages: Late PlayInEditor Detection: Level '/Game/FirstPersonBP/Maps/FirstPersonExampleMap.FirstPersonExampleMap:PersistentLevel' has LevelScriptBlueprint '/Game/FirstPersonBP/Maps/FirstPersonExampleMap.FirstPersonExampleMap:PersistentLevel.FirstPersonExampleMap' with GeneratedClass '/Game/FirstPersonBP/Maps/FirstPersonExampleMap.FirstPersonExampleMap_C' with ClassGeneratedBy '/Game/FirstPersonBP/Maps/FirstPersonExampleMap.FirstPersonExampleMap:PersistentLevel.FirstPersonExampleMap'
[2016.06.15-02.47.41:352][ 99]LogRenderer: Reallocating scene render targets to support 1292x856 (Frame:26722).
[2016.06.15-02.47.46:554][704]LogBlueprintUserMessages: Early EndPlayMap Detection: Level '/Game/FirstPersonBP/Maps/FirstPersonExampleMap.FirstPersonExampleMap:PersistentLevel' has LevelScriptBlueprint '/Game/FirstPersonBP/Maps/FirstPersonExampleMap.FirstPersonExampleMap:PersistentLevel.FirstPersonExampleMap' with GeneratedClass '/Game/FirstPersonBP/Maps/FirstPersonExampleMap.FirstPersonExampleMap_C' with ClassGeneratedBy '/Game/FirstPersonBP/Maps/FirstPersonExampleMap.FirstPersonExampleMap:PersistentLevel.FirstPersonExampleMap'
[2016.06.15-02.47.46:604][704]LogBlueprintUserMessages: Late EndPlayMap Detection: Level '/Game/FirstPersonBP/Maps/FirstPersonExampleMap.FirstPersonExampleMap:PersistentLevel' has LevelScriptBlueprint '/Game/FirstPersonBP/Maps/FirstPersonExampleMap.FirstPersonExampleMap:PersistentLevel.FirstPersonExampleMap' with GeneratedClass '/Game/FirstPersonBP/Maps/FirstPersonExampleMap.FirstPersonExampleMap_C' with ClassGeneratedBy '/Game/FirstPersonBP/Maps/FirstPersonExampleMap.FirstPersonExampleMap:PersistentLevel.FirstPersonExampleMap'
[2016.06.15-02.47.49:820][ 81]LogBlueprintUserMessages: Early PlayInEditor Detection: Level '/Game/FirstPersonBP/Maps/FirstPersonExampleMap.FirstPersonExampleMap:PersistentLevel' has LevelScriptBlueprint '/Game/FirstPersonBP/Maps/FirstPersonExampleMap.FirstPersonExampleMap:PersistentLevel.FirstPersonExampleMap' with GeneratedClass '/Game/FirstPersonBP/Maps/FirstPersonExampleMap.FirstPersonExampleMap_C' with ClassGeneratedBy '/Game/FirstPersonBP/Maps/FirstPersonExampleMap.FirstPersonExampleMap:PersistentLevel.FirstPersonExampleMap'
[2016.06.15-02.47.49:820][ 81]LogPlayLevel: PlayLevel: No blueprints needed recompiling
[2016.06.15-02.47.49:820][ 81]PIE: New page: PIE session: FirstPersonExampleMap (Jun 14, 2016, 5:47:49 PM)
[2016.06.15-02.47.49:820][ 81]LogPlayLevel: Creating play world package: /Game/FirstPersonBP/Maps/UEDPIE_0_FirstPersonExampleMap
[2016.06.15-02.47.49:836][ 81]LogPlayLevel: PIE: StaticDuplicateObject took: (0.015914s)
[2016.06.15-02.47.49:837][ 81]LogAIModule: Creating AISystem for world FirstPersonExampleMap
[2016.06.15-02.47.49:837][ 81]LogPlayLevel: PIE: World Init took: (0.000763s)
[2016.06.15-02.47.49:837][ 81]LogPlayLevel: PIE: Created PIE world by copying editor world from /Game/FirstPersonBP/Maps/FirstPersonExampleMap.FirstPersonExampleMap to /Game/FirstPersonBP/Maps/UEDPIE_0_FirstPersonExampleMap.FirstPersonExampleMap (0.016886s)
[2016.06.15-02.47.49:860][ 81]LogInit: XAudio2 using 'Speakers (Realtek High Definition Audio)' : 6 channels at 48 kHz using 32 bits per sample (channel mask 0x3f)
[2016.06.15-02.47.49:865][ 81]LogInit: FAudioDevice initialized.
[2016.06.15-02.47.49:926][ 81]LogWorld: Game class is 'FirstPersonGameMode_C'
[2016.06.15-02.47.49:929][ 81]LogWorld: Bringing World /Game/FirstPersonBP/Maps/UEDPIE_0_FirstPersonExampleMap.FirstPersonExampleMap up for play (max tick rate 0) at 2016.06.14-22.47.49
[2016.06.15-02.47.49:930][ 81]LogWorld: Bringing up level for play took: 0.002881
[2016.06.15-02.47.50:001][ 81]PIE: Info Play in editor start time for /Game/FirstPersonBP/Maps/UEDPIE_0_FirstPersonExampleMap 0.055
[2016.06.15-02.47.50:001][ 81]LogBlueprintUserMessages: Late PlayInEditor Detection: Level '/Game/FirstPersonBP/Maps/FirstPersonExampleMap.FirstPersonExampleMap:PersistentLevel' has LevelScriptBlueprint '/Game/FirstPersonBP/Maps/FirstPersonExampleMap.FirstPersonExampleMap:PersistentLevel.FirstPersonExampleMap' with GeneratedClass '/Game/FirstPersonBP/Maps/FirstPersonExampleMap.FirstPersonExampleMap_C' with ClassGeneratedBy '/Game/FirstPersonBP/Maps/FirstPersonExampleMap.FirstPersonExampleMap:PersistentLevel.FirstPersonExampleMap'
[2016.06.15-02.48.36:511][142]LogBlueprintUserMessages: Early EndPlayMap Detection: Level '/Game/FirstPersonBP/Maps/FirstPersonExampleMap.FirstPersonExampleMap:PersistentLevel' has LevelScriptBlueprint '/Game/FirstPersonBP/Maps/FirstPersonExampleMap.FirstPersonExampleMap:PersistentLevel.FirstPersonExampleMap' with GeneratedClass '/Game/FirstPersonBP/Maps/FirstPersonExampleMap.FirstPersonExampleMap_C' with ClassGeneratedBy '/Game/FirstPersonBP/Maps/FirstPersonExampleMap.FirstPersonExampleMap:PersistentLevel.FirstPersonExampleMap'
[2016.06.15-02.48.36:552][142]LogBlueprintUserMessages: Late EndPlayMap Detection: Level '/Game/FirstPersonBP/Maps/FirstPersonExampleMap.FirstPersonExampleMap:PersistentLevel' has LevelScriptBlueprint '/Game/FirstPersonBP/Maps/FirstPersonExampleMap.FirstPersonExampleMap:PersistentLevel.FirstPersonExampleMap' with GeneratedClass '/Game/FirstPersonBP/Maps/FirstPersonExampleMap.FirstPersonExampleMap_C' with ClassGeneratedBy '/Game/FirstPersonBP/Maps/FirstPersonExampleMap.FirstPersonExampleMap:PersistentLevel.FirstPersonExampleMap'
[2016.06.15-02.49.26:772][538]LogBlueprintUserMessages: Early PlayInEditor Detection: Level '/Game/FirstPersonBP/Maps/FirstPersonExampleMap.FirstPersonExampleMap:PersistentLevel' has LevelScriptBlueprint '/Game/FirstPersonBP/Maps/FirstPersonExampleMap.FirstPersonExampleMap:PersistentLevel.FirstPersonExampleMap' with GeneratedClass '/Game/FirstPersonBP/Maps/FirstPersonExampleMap.FirstPersonExampleMap_C' with ClassGeneratedBy '/Game/FirstPersonBP/Maps/FirstPersonExampleMap.FirstPersonExampleMap:PersistentLevel.FirstPersonExampleMap'
[2016.06.15-02.49.26:772][538]LogPlayLevel: PlayLevel: No blueprints needed recompiling
[2016.06.15-02.49.26:772][538]PIE: New page: PIE session: FirstPersonExampleMap (Jun 14, 2016, 5:49:26 PM)
[2016.06.15-02.49.26:772][538]LogPlayLevel: Creating play world package: /Game/FirstPersonBP/Maps/UEDPIE_0_FirstPersonExampleMap
[2016.06.15-02.49.26:788][538]LogPlayLevel: PIE: StaticDuplicateObject took: (0.016285s)
[2016.06.15-02.49.26:789][538]LogAIModule: Creating AISystem for world FirstPersonExampleMap
[2016.06.15-02.49.26:789][538]LogPlayLevel: PIE: World Init took: (0.000937s)
[2016.06.15-02.49.26:789][538]LogPlayLevel: PIE: Created PIE world by copying editor world from /Game/FirstPersonBP/Maps/FirstPersonExampleMap.FirstPersonExampleMap to /Game/FirstPersonBP/Maps/UEDPIE_0_FirstPersonExampleMap.FirstPersonExampleMap (0.017488s)
[2016.06.15-02.49.26:812][538]LogInit: XAudio2 using 'Speakers (Realtek High Definition Audio)' : 6 channels at 48 kHz using 32 bits per sample (channel mask 0x3f)
[2016.06.15-02.49.26:818][538]LogInit: FAudioDevice initialized.
[2016.06.15-02.49.26:879][538]LogWorld: Game class is 'FirstPersonGameMode_C'
[2016.06.15-02.49.26:882][538]LogWorld: Bringing World /Game/FirstPersonBP/Maps/UEDPIE_0_FirstPersonExampleMap.FirstPersonExampleMap up for play (max tick rate 0) at 2016.06.14-22.49.26
[2016.06.15-02.49.26:883][538]LogWorld: Bringing up level for play took: 0.002855
[2016.06.15-02.49.26:929][538]PIE: Info Play in editor start time for /Game/FirstPersonBP/Maps/UEDPIE_0_FirstPersonExampleMap 0.982
[2016.06.15-02.49.26:929][538]LogBlueprintUserMessages: Late PlayInEditor Detection: Level '/Game/FirstPersonBP/Maps/FirstPersonExampleMap.FirstPersonExampleMap:PersistentLevel' has LevelScriptBlueprint '/Game/FirstPersonBP/Maps/FirstPersonExampleMap.FirstPersonExampleMap:PersistentLevel.FirstPersonExampleMap' with GeneratedClass '/Game/FirstPersonBP/Maps/FirstPersonExampleMap.FirstPersonExampleMap_C' with ClassGeneratedBy '/Game/FirstPersonBP/Maps/FirstPersonExampleMap.FirstPersonExampleMap:PersistentLevel.FirstPersonExampleMap'
[2016.06.15-02.50.11:426][755]LogBlueprintUserMessages: Early EndPlayMap Detection: Level '/Game/FirstPersonBP/Maps/FirstPersonExampleMap.FirstPersonExampleMap:PersistentLevel' has LevelScriptBlueprint '/Game/FirstPersonBP/Maps/FirstPersonExampleMap.FirstPersonExampleMap:PersistentLevel.FirstPersonExampleMap' with GeneratedClass '/Game/FirstPersonBP/Maps/FirstPersonExampleMap.FirstPersonExampleMap_C' with ClassGeneratedBy '/Game/FirstPersonBP/Maps/FirstPersonExampleMap.FirstPersonExampleMap:PersistentLevel.FirstPersonExampleMap'
[2016.06.15-02.50.11:471][755]LogBlueprintUserMessages: Late EndPlayMap Detection: Level '/Game/FirstPersonBP/Maps/FirstPersonExampleMap.FirstPersonExampleMap:PersistentLevel' has LevelScriptBlueprint '/Game/FirstPersonBP/Maps/FirstPersonExampleMap.FirstPersonExampleMap:PersistentLevel.FirstPersonExampleMap' with GeneratedClass '/Game/FirstPersonBP/Maps/FirstPersonExampleMap.FirstPersonExampleMap_C' with ClassGeneratedBy '/Game/FirstPersonBP/Maps/FirstPersonExampleMap.FirstPersonExampleMap:PersistentLevel.FirstPersonExampleMap'
[2016.06.15-02.59.07:628][678]LogSavePackage: Save=1441.77ms
[2016.06.15-02.59.07:628][678]LogSavePackage: Moving '../../../../../Unreal Projects/RocketPower/Saved/FirstPersonExampleMap_Auto1311A5708406E44906D387086082750DA.tmp' to '../../../../../Unreal Projects/RocketPower/Saved/Autosaves/Game/FirstPersonBP/Maps/FirstPersonExampleMap_Auto1.umap'
[2016.06.15-02.59.07:629][678]LogSavePackage:Display: Finished SavePackage ../../../../../Unreal Projects/RocketPower/Saved/Autosaves/Game/FirstPersonBP/Maps/FirstPersonExampleMap_Auto1.umap
[2016.06.15-02.59.07:632][678]LogFileHelpers: Editor autosave (incl. sublevels) for '/Game/FirstPersonBP/Maps/FirstPersonExampleMap' took 1.503
[2016.06.15-02.59.07:633][678]LogFileHelpers: Editor autosave (incl. sublevels) for all levels took 1.503
[2016.06.15-03.08.28:699][686]LogSavePackage: Save=993.29ms
[2016.06.15-03.08.28:699][686]LogSavePackage: Moving '../../../../../Unreal Projects/RocketPower/Saved/FirstPersonExampleMapE466AC35400FBF761AE75D87BE103F91.tmp' to '../../../../../Unreal Projects/RocketPower/Content/FirstPersonBP/Maps/FirstPersonExampleMap.umap'
[2016.06.15-03.08.28:710][686]LogSavePackage:Display: Finished SavePackage ../../../../../Unreal Projects/RocketPower/Content/FirstPersonBP/Maps/FirstPersonExampleMap.umap
[2016.06.15-03.08.29:422][747]LogWindowsTextInputMethodSystem:Display: IME system now deactivated.
[2016.06.15-03.08.29:600][748]Cmd: QUIT_EDITOR
[2016.06.15-03.08.29:849][748]LogExit: Preparing to exit.
[2016.06.15-03.08.31:089][748]LogExit: Editor shut down
[2016.06.15-03.08.31:089][748]LogExit: Transaction tracking system shut down
[2016.06.15-03.08.31:335][748]LogObj: Freed 0b from 0 cluster array pools.
[2016.06.15-03.08.31:335][748]LogExit: Object subsystem successfully closed.
[2016.06.15-03.08.31:349][748]LogD3D11RHI: Shutdown
[2016.06.15-03.08.31:349][748]LogD3D11RHI: CleanupD3DDevice
[2016.06.15-03.08.31:471][748]LogD3D11RHI: ~FD3D11DynamicRHI
[2016.06.15-03.08.31:485][748]LogModuleManager: Shutting down and abandoning module MovieSceneCapture (215)
[2016.06.15-03.08.31:485][748]LogModuleManager: Shutting down and abandoning module BlueprintGraph (214)
[2016.06.15-03.08.31:485][748]LogModuleManager: Shutting down and abandoning module HierarchicalLODOutliner (213)
[2016.06.15-03.08.31:485][748]LogModuleManager: Shutting down and abandoning module CrashTracker (212)
[2016.06.15-03.08.31:485][748]LogModuleManager: Shutting down and abandoning module SceneOutliner (211)
[2016.06.15-03.08.31:485][748]LogModuleManager: Shutting down and abandoning module WidgetCarousel (210)
[2016.06.15-03.08.31:485][748]LogModuleManager: Shutting down and abandoning module AddContentDialog (209)
[2016.06.15-03.08.31:487][748]LogModuleManager: Shutting down and abandoning module GameplayTags (208)
[2016.06.15-03.08.31:487][748]LogModuleManager: Shutting down and abandoning module EditorWidgets (207)
[2016.06.15-03.08.31:487][748]LogModuleManager: Shutting down and abandoning module CollectionManager (206)
[2016.06.15-03.08.31:487][748]LogModuleManager: Shutting down and abandoning module StatsViewer (205)
[2016.06.15-03.08.31:487][748]LogModuleManager: Shutting down and abandoning module FoliageEdit (204)
[2016.06.15-03.08.31:487][748]LogModuleManager: Shutting down and abandoning module LandscapeEditor (203)
[2016.06.15-03.08.31:487][748]LogModuleManager: Shutting down and abandoning module SceneDepthPickerMode (202)
[2016.06.15-03.08.31:487][748]LogModuleManager: Shutting down and abandoning module ActorPickerMode (201)
[2016.06.15-03.08.31:487][748]LogModuleManager: Shutting down and abandoning module GeometryMode (200)
[2016.06.15-03.08.31:487][748]LogModuleManager: Shutting down and abandoning module TextureAlignMode (199)
[2016.06.15-03.08.31:487][748]LogModuleManager: Shutting down and abandoning module BspMode (198)
[2016.06.15-03.08.31:487][748]LogModuleManager: Shutting down and abandoning module HardwareSurvey (197)
[2016.06.15-03.08.31:487][748]LogModuleManager: Shutting down and abandoning module SequenceRecorderSections (196)
[2016.06.15-03.08.31:487][748]LogModuleManager: Shutting down and abandoning module SequenceRecorder (195)
[2016.06.15-03.08.31:487][748]LogModuleManager: Shutting down and abandoning module AutomationWorker (194)
[2016.06.15-03.08.31:487][748]LogModuleManager: Shutting down and abandoning module MatineeToLevelSequence (193)
[2016.06.15-03.08.31:487][748]LogModuleManager: Shutting down and abandoning module PlacementMode (192)
[2016.06.15-03.08.31:487][748]LogModuleManager: Shutting down and abandoning module LevelSequenceEditor (191)
[2016.06.15-03.08.31:487][748]LogModuleManager: Shutting down and abandoning module CharacterAI (190)
[2016.06.15-03.08.31:487][748]LogModuleManager: Shutting down and abandoning module SmartSnapping (189)
[2016.06.15-03.08.31:487][748]LogModuleManager: Shutting down and abandoning module SessionServices (188)
[2016.06.15-03.08.31:487][748]LogModuleManager: Shutting down and abandoning module ViewportSnapping (187)
[2016.06.15-03.08.31:487][748]LogModuleManager: Shutting down and abandoning module LogVisualizer (186)
[2016.06.15-03.08.31:488][748]LogModuleManager: Shutting down and abandoning module GameProjectGeneration (185)
[2016.06.15-03.08.31:488][748]LogModuleManager: Shutting down and abandoning module IntroTutorials (184)
[2016.06.15-03.08.31:488][748]LogModuleManager: Shutting down and abandoning module EditorLiveStreaming (183)
[2016.06.15-03.08.31:488][748]LogModuleManager: Shutting down and abandoning module IOSPlatformEditor (182)
[2016.06.15-03.08.31:488][748]LogModuleManager: Shutting down and abandoning module HTML5PlatformEditor (181)
[2016.06.15-03.08.31:488][748]LogModuleManager: Shutting down and abandoning module AndroidDeviceDetection (180)
[2016.06.15-03.08.31:686][748]LogModuleManager: Shutting down and abandoning module AndroidPlatformEditor (179)
[2016.06.15-03.08.31:686][748]LogModuleManager: Shutting down and abandoning module IOSRuntimeSettings (178)
[2016.06.15-03.08.31:686][748]LogModuleManager: Shutting down and abandoning module AndroidRuntimeSettings (177)
[2016.06.15-03.08.31:686][748]LogModuleManager: Shutting down and abandoning module MergeActors (176)
[2016.06.15-03.08.31:686][748]LogModuleManager: Shutting down and abandoning module SizeMap (175)
[2016.06.15-03.08.31:686][748]LogModuleManager: Shutting down and abandoning module TreeMap (174)
[2016.06.15-03.08.31:686][748]LogModuleManager: Shutting down and abandoning module ReferenceViewer (173)
[2016.06.15-03.08.31:686][748]LogModuleManager: Shutting down and abandoning module LocalizationService (172)
[2016.06.15-03.08.31:686][748]LogModuleManager: Shutting down and abandoning module LocalizationDashboard (171)
[2016.06.15-03.08.31:687][748]LogModuleManager: Shutting down and abandoning module HardwareTargeting (170)
[2016.06.15-03.08.31:687][748]LogModuleManager: Shutting down and abandoning module DeviceProfileEditor (169)
[2016.06.15-03.08.31:688][748]LogModuleManager: Shutting down and abandoning module UndoHistory (168)
[2016.06.15-03.08.31:688][748]LogModuleManager: Shutting down and abandoning module UserFeedback (167)
[2016.06.15-03.08.31:688][748]LogModuleManager: Shutting down and abandoning module XmlParser (166)
[2016.06.15-03.08.31:688][748]LogModuleManager: Shutting down and abandoning module Blutility (165)
[2016.06.15-03.08.31:688][748]LogModuleManager: Shutting down and abandoning module ProjectTargetPlatformEditor (164)
[2016.06.15-03.08.31:689][748]LogModuleManager: Shutting down and abandoning module ProjectSettingsViewer (163)
[2016.06.15-03.08.31:689][748]LogModuleManager: Shutting down and abandoning module InputBindingEditor (162)
[2016.06.15-03.08.31:689][748]LogModuleManager: Shutting down and abandoning module EditorSettingsViewer (161)
[2016.06.15-03.08.31:689][748]LogModuleManager: Shutting down and abandoning module SettingsEditor (160)
[2016.06.15-03.08.31:689][748]LogModuleManager: Shutting down and abandoning module ProjectLauncher (159)
[2016.06.15-03.08.31:689][748]LogModuleManager: Shutting down and abandoning module SessionFrontend (158)
[2016.06.15-03.08.31:689][748]LogModuleManager: Shutting down and abandoning module ProfilerClient (157)
[2016.06.15-03.08.31:689][748]LogModuleManager: Shutting down and abandoning module TargetDeviceServices (156)
[2016.06.15-03.08.31:689][748]LogModuleManager: Shutting down and abandoning module DeviceManager (155)
[2016.06.15-03.08.31:732][748]LogModuleManager: Shutting down and abandoning module AutomationController (154)
[2016.06.15-03.08.31:732][748]LogModuleManager: Shutting down and abandoning module AutomationWindow (153)
[2016.06.15-03.08.31:732][748]LogModuleManager: Shutting down and abandoning module Layers (152)
[2016.06.15-03.08.31:732][748]LogModuleManager: Shutting down and abandoning module ComponentVisualizers (151)
[2016.06.15-03.08.31:732][748]LogModuleManager: Shutting down and abandoning module DetailCustomizations (150)
[2016.06.15-03.08.31:732][748]LogModuleManager: Shutting down and abandoning module PackagesDialog (149)
[2016.06.15-03.08.31:732][748]LogModuleManager: Shutting down and abandoning module Persona (148)
[2016.06.15-03.08.31:732][748]LogModuleManager: Shutting down and abandoning module Kismet (147)
[2016.06.15-03.08.31:732][748]LogModuleManager: Shutting down and abandoning module GraphEditor (146)
[2016.06.15-03.08.31:732][748]LogModuleManager: Shutting down and abandoning module ClassViewer (145)
[2016.06.15-03.08.31:732][748]LogModuleManager: Shutting down and abandoning module Toolbox (144)
[2016.06.15-03.08.31:732][748]LogModuleManager: Shutting down and abandoning module ModuleUI (143)
[2016.06.15-03.08.31:732][748]LogModuleManager: Shutting down and abandoning module MovieSceneTools (142)
[2016.06.15-03.08.31:732][748]LogModuleManager: Shutting down and abandoning module OutputLog (141)
[2016.06.15-03.08.31:732][748]LogModuleManager: Shutting down and abandoning module GammaUI (140)
[2016.06.15-03.08.31:732][748]LogModuleManager: Shutting down and abandoning module Documentation (139)
[2016.06.15-03.08.31:732][748]LogModuleManager: Shutting down and abandoning module StreamingPauseRendering (138)
[2016.06.15-03.08.31:732][748]LogModuleManager: Shutting down and abandoning module AnalyticsET (137)
[2016.06.15-03.08.31:732][748]LogModuleManager: Shutting down and abandoning module Analytics (136)
[2016.06.15-03.08.31:732][748]LogModuleManager: Shutting down and abandoning module PortalServices (135)
[2016.06.15-03.08.31:732][748]LogModuleManager: Shutting down and abandoning module PortalRpc (134)
[2016.06.15-03.08.31:732][748]LogModuleManager: Shutting down and abandoning module MessagingRpc (133)
[2016.06.15-03.08.31:732][748]LogModuleManager: Shutting down and abandoning module GameplayDebugger (132)
[2016.06.15-03.08.31:733][748]LogModuleManager: Shutting down and abandoning module AITestSuite (131)
[2016.06.15-03.08.31:733][748]LogModuleManager: Shutting down and abandoning module AIModule (130)
[2016.06.15-03.08.31:733][748]LogModuleManager: Shutting down and abandoning module ProfilerService (129)
[2016.06.15-03.08.31:848][748]LogModuleManager: Shutting down and abandoning module TaskGraph (128)
[2016.06.15-03.08.31:848][748]LogModuleManager: Shutting down and abandoning module SlateRemote (127)
[2016.06.15-03.08.31:848][748]LogModuleManager: Shutting down and abandoning module SteamVRController (126)
[2016.06.15-03.08.31:848][748]LogModuleManager: Shutting down and abandoning module SteamVR (125)
[2016.06.15-03.08.31:848][748]LogModuleManager: Shutting down and abandoning module ProceduralMeshComponent (124)
[2016.06.15-03.08.31:848][748]LogModuleManager: Shutting down and abandoning module OculusLibrary (123)
[2016.06.15-03.08.31:848][748]LogModuleManager: Shutting down and abandoning module OculusInput (122)
[2016.06.15-03.08.31:848][748]LogModuleManager: Shutting down and abandoning module CustomMeshComponent (121)
[2016.06.15-03.08.31:848][748]LogModuleManager: Shutting down and abandoning module CableComponent (120)
[2016.06.15-03.08.31:849][748]LogModuleManager: Shutting down and abandoning module ArchVisCharacter (119)
[2016.06.15-03.08.31:849][748]LogModuleManager: Shutting down and abandoning module MediaPlayerEditor (118)
[2016.06.15-03.08.31:849][748]LogModuleManager: Shutting down and abandoning module HTML5Networking (117)
[2016.06.15-03.08.31:849][748]LogModuleManager: Shutting down and abandoning module SuperSearch (116)
[2016.06.15-03.08.31:849][748]LogModuleManager: Shutting down and abandoning module SuperSearchEditor (115)
[2016.06.15-03.08.31:849][748]LogModuleManager: Shutting down and abandoning module SpeedTreeImporter (114)
[2016.06.15-03.08.31:849][748]LogModuleManager: Shutting down and abandoning module PluginBrowser (113)
[2016.06.15-03.08.31:849][748]LogModuleManager: Shutting down and abandoning module EpicSurvey (112)
[2016.06.15-03.08.31:849][748]LogModuleManager: Shutting down and abandoning module DesktopPlatform (111)
[2016.06.15-03.08.31:849][748]LogModuleManager: Shutting down and abandoning module VisualStudioSourceCodeAccess (110)
[2016.06.15-03.08.31:849][748]LogModuleManager: Shutting down and abandoning module UObjectPlugin (109)
[2016.06.15-03.08.31:849][748]LogModuleManager: Shutting down and abandoning module SubversionSourceControl (108)
[2016.06.15-03.08.31:849][748]LogModuleManager: Shutting down and abandoning module PerforceSourceControl (107)
[2016.06.15-03.08.31:849][748]LogModuleManager: Shutting down and abandoning module SourceControl (106)
[2016.06.15-03.08.31:849][748]LogModuleManager: Shutting down and abandoning module GitSourceControl (105)
[2016.06.15-03.08.31:849][748]LogModuleManager: Shutting down and abandoning module LightPropagationVolumeEditor (104)
[2016.06.15-03.08.31:849][748]LogModuleManager: Shutting down and abandoning module PaperTiledImporter (103)
[2016.06.15-03.08.31:849][748]LogModuleManager: Shutting down and abandoning module PaperSpriteSheetImporter (102)
[2016.06.15-03.08.31:849][748]LogModuleManager: Shutting down and abandoning module MeshPaint (101)
[2016.06.15-03.08.31:849][748]LogModuleManager: Shutting down and abandoning module PixelInspectorModule (100)
[2016.06.15-03.08.31:849][748]LogModuleManager: Shutting down and abandoning module HotReload (99)
[2016.06.15-03.08.31:849][748]LogModuleManager: Shutting down and abandoning module MainFrame (98)
[2016.06.15-03.08.31:849][748]LogModuleManager: Shutting down and abandoning module LevelEditor (97)
[2016.06.15-03.08.31:852][748]LogModuleManager: Shutting down and abandoning module ContentBrowser (96)
[2016.06.15-03.08.31:853][748]LogModuleManager: Shutting down and abandoning module Paper2DEditor (95)
[2016.06.15-03.08.31:853][748]LogModuleManager: Shutting down and abandoning module UdpMessaging (94)
[2016.06.15-03.08.31:954][748]LogModuleManager: Shutting down and abandoning module LightPropagationVolumeRuntime (93)
[2016.06.15-03.08.31:954][748]LogModuleManager: Shutting down and abandoning module Paper2D (92)
[2016.06.15-03.08.31:954][748]LogModuleManager: Shutting down and abandoning module WindowsMoviePlayer (91)
[2016.06.15-03.08.31:954][748]LogModuleManager: Shutting down and abandoning module Media (90)
[2016.06.15-03.08.31:954][748]LogModuleManager: Shutting down and abandoning module WmfMedia (89)
[2016.06.15-03.08.31:954][748]LogModuleManager: Shutting down and abandoning module MediaAssets (88)
[2016.06.15-03.08.31:954][748]LogModuleManager: Shutting down and abandoning module GameLiveStreaming (87)
[2016.06.15-03.08.31:954][748]LogModuleManager: Shutting down and abandoning module GameplayTagsEditor (86)
[2016.06.15-03.08.31:954][748]LogModuleManager: Shutting down and abandoning module OnlineBlueprintSupport (85)
[2016.06.15-03.08.31:954][748]LogModuleManager: Shutting down and abandoning module VREditor (84)
[2016.06.15-03.08.31:954][748]LogModuleManager: Shutting down and abandoning module GameplayTasksEditor (83)
[2016.06.15-03.08.31:954][748]LogModuleManager: Shutting down and abandoning module PropertyEditor (82)
[2016.06.15-03.08.31:954][748]LogModuleManager: Shutting down and abandoning module BehaviorTreeEditor (81)
[2016.06.15-03.08.31:954][748]LogModuleManager: Shutting down and abandoning module FunctionalTesting (80)
[2016.06.15-03.08.31:954][748]LogModuleManager: Shutting down and abandoning module CollisionAnalyzer (79)
[2016.06.15-03.08.31:954][748]LogModuleManager: Shutting down and abandoning module Sequencer (78)
[2016.06.15-03.08.31:954][748]LogModuleManager: Shutting down and abandoning module WorkspaceMenuStructure (77)
[2016.06.15-03.08.31:954][748]LogModuleManager: Shutting down and abandoning module MessageLog (76)
[2016.06.15-03.08.31:954][748]LogModuleManager: Shutting down and abandoning module AssetTools (75)
[2016.06.15-03.08.31:954][748]LogModuleManager: Shutting down and abandoning module UMGEditor (74)
[2016.06.15-03.08.31:955][748]LogModuleManager: Shutting down and abandoning module UMG (73)
[2016.06.15-03.08.31:955][748]LogModuleManager: Shutting down and abandoning module SlateReflector (72)
[2016.06.15-03.08.31:955][748]LogModuleManager: Shutting down and abandoning module Slate (71)
[2016.06.15-03.08.31:955][748]LogModuleManager: Shutting down and abandoning module EditorStyle (70)
[2016.06.15-03.08.31:956][748]LogModuleManager: Shutting down and abandoning module SourceCodeAccess (69)
[2016.06.15-03.08.31:956][748]LogModuleManager: Shutting down and abandoning module HeadMountedDisplay (68)
[2016.06.15-03.08.31:956][748]LogModuleManager: Shutting down and abandoning module XAudio2 (67)
[2016.06.15-03.08.31:956][748]LogModuleManager: Shutting down and abandoning module Networking (65)
[2016.06.15-03.08.31:956][748]LogModuleManager: Shutting down and abandoning module Core (64)
[2016.06.15-03.08.31:956][748]LogModuleManager: Shutting down and abandoning module DirectoryWatcher (63)
[2016.06.15-03.08.31:956][748]LogModuleManager: Shutting down and abandoning module AssetRegistry (62)
[2016.06.15-03.08.32:169][748]LogModuleManager: Shutting down and abandoning module KismetCompiler (61)
[2016.06.15-03.08.32:169][748]LogModuleManager: Shutting down and abandoning module PhysXFormats (60)
[2016.06.15-03.08.32:169][748]LogModuleManager: Shutting down and abandoning module MeshUtilities (59)
[2016.06.15-03.08.32:169][748]LogModuleManager: Shutting down and abandoning module DerivedDataCache (58)
[2016.06.15-03.08.32:190][748]LogDerivedDataCache: Shutdown
[2016.06.15-03.08.32:190][748]LogModuleManager: Shutting down and abandoning module VulkanShaderFormat (57)
[2016.06.15-03.08.32:190][748]LogModuleManager: Shutting down and abandoning module ShaderFormatOpenGL (56)
[2016.06.15-03.08.32:190][748]LogModuleManager: Shutting down and abandoning module ShaderFormatD3D (55)
[2016.06.15-03.08.32:190][748]LogModuleManager: Shutting down and abandoning module MetalShaderFormat (54)
[2016.06.15-03.08.32:190][748]LogModuleManager: Shutting down and abandoning module TextureFormatUncompressed (53)
[2016.06.15-03.08.32:190][748]LogModuleManager: Shutting down and abandoning module TextureFormatPVR (52)
[2016.06.15-03.08.32:190][748]LogModuleManager: Shutting down and abandoning module TextureFormatIntelISPCTexComp (51)
[2016.06.15-03.08.32:190][748]LogModuleManager: Shutting down and abandoning module TextureFormatDXT (50)
[2016.06.15-03.08.32:190][748]LogModuleManager: Shutting down and abandoning module ImageWrapper (49)
[2016.06.15-03.08.32:190][748]LogModuleManager: Shutting down and abandoning module TextureFormatASTC (48)
[2016.06.15-03.08.32:190][748]LogModuleManager: Shutting down and abandoning module TextureFormatAndroid (47)
[2016.06.15-03.08.32:190][748]LogModuleManager: Shutting down and abandoning module AudioFormatOpus (46)
[2016.06.15-03.08.32:190][748]LogModuleManager: Shutting down and abandoning module AudioFormatOgg (45)
[2016.06.15-03.08.32:190][748]LogModuleManager: Shutting down and abandoning module AudioFormatADPCM (44)
[2016.06.15-03.08.32:190][748]LogModuleManager: Shutting down and abandoning module LinuxTargetPlatform (43)
[2016.06.15-03.08.32:190][748]LogModuleManager: Shutting down and abandoning module LinuxServerTargetPlatform (42)
[2016.06.15-03.08.32:190][748]LogModuleManager: Shutting down and abandoning module LinuxNoEditorTargetPlatform (41)
[2016.06.15-03.08.32:190][748]LogModuleManager: Shutting down and abandoning module TVOSTargetPlatform (40)
[2016.06.15-03.08.32:190][748]LogModuleManager: Shutting down and abandoning module Messaging (39)
[2016.06.15-03.08.32:190][748]LogModuleManager: Shutting down and abandoning module IOSTargetPlatform (38)
[2016.06.15-03.08.32:190][748]LogModuleManager: Shutting down and abandoning module HTML5TargetPlatform (37)
[2016.06.15-03.08.32:190][748]LogModuleManager: Shutting down and abandoning module Android_PVRTCTargetPlatform (36)
[2016.06.15-03.08.32:190][748]LogModuleManager: Shutting down and abandoning module Android_MultiTargetPlatform (35)
[2016.06.15-03.08.32:190][748]LogModuleManager: Shutting down and abandoning module Android_ETC2TargetPlatform (34)
[2016.06.15-03.08.32:190][748]LogModuleManager: Shutting down and abandoning module Android_ETC1TargetPlatform (33)
[2016.06.15-03.08.32:191][748]LogModuleManager: Shutting down and abandoning module Android_DXTTargetPlatform (32)
[2016.06.15-03.08.32:191][748]LogModuleManager: Shutting down and abandoning module Android_ATCTargetPlatform (31)
[2016.06.15-03.08.32:191][748]LogModuleManager: Shutting down and abandoning module Android_ASTCTargetPlatform (30)
[2016.06.15-03.08.32:191][748]LogModuleManager: Shutting down and abandoning module AndroidTargetPlatform (29)
[2016.06.15-03.08.32:191][748]LogModuleManager: Shutting down and abandoning module WindowsTargetPlatform (28)
[2016.06.15-03.08.32:191][748]LogModuleManager: Shutting down and abandoning module WindowsServerTargetPlatform (27)
[2016.06.15-03.08.32:191][748]LogModuleManager: Shutting down and abandoning module WindowsNoEditorTargetPlatform (26)
[2016.06.15-03.08.32:191][748]LogModuleManager: Shutting down and abandoning module WindowsClientTargetPlatform (25)
[2016.06.15-03.08.32:191][748]LogModuleManager: Shutting down and abandoning module AllDesktopTargetPlatform (24)
[2016.06.15-03.08.32:191][748]LogModuleManager: Shutting down and abandoning module TargetPlatform (23)
[2016.06.15-03.08.32:191][748]LogModuleManager: Shutting down and abandoning module InputCore (22)
[2016.06.15-03.08.32:191][748]LogModuleManager: Shutting down and abandoning module Settings (21)
[2016.06.15-03.08.32:191][748]LogModuleManager: Shutting down and abandoning module OnlineSubsystem (19)
[2016.06.15-03.08.32:191][748]LogModuleManager: Shutting down and abandoning module HTTP (18)
[2016.06.15-03.08.35:194][748]LogModuleManager: Shutting down and abandoning module XMPP (17)
[2016.06.15-03.08.35:195][748]LogModuleManager: Shutting down and abandoning module OculusRift (16)
[2016.06.15-03.08.35:195][748]LogModuleManager: Shutting down and abandoning module ExampleDeviceProfileSelector (15)
[2016.06.15-03.08.35:195][748]LogModuleManager: Shutting down and abandoning module TextureCompressor (14)
[2016.06.15-03.08.35:195][748]LogModuleManager: Shutting down and abandoning module ShaderCore (13)
[2016.06.15-03.08.35:195][748]LogModuleManager: Shutting down and abandoning module Landscape (12)
[2016.06.15-03.08.35:195][748]LogModuleManager: Shutting down and abandoning module SlateRHIRenderer (11)
[2016.06.15-03.08.35:203][748]LogModuleManager: Shutting down and abandoning module OpenGLDrv (10)
[2016.06.15-03.08.35:203][748]LogModuleManager: Shutting down and abandoning module D3D11RHI (9)
[2016.06.15-03.08.35:203][748]LogModuleManager: Shutting down and abandoning module AnimGraphRuntime (8)
[2016.06.15-03.08.35:203][748]LogModuleManager: Shutting down and abandoning module Renderer (7)
[2016.06.15-03.08.35:203][748]LogModuleManager: Shutting down and abandoning module Engine (6)
[2016.06.15-03.08.35:203][748]LogModuleManager: Shutting down and abandoning module CoreUObject (5)
[2016.06.15-03.08.35:203][748]LogModuleManager: Shutting down and abandoning module NetworkFile (4)
[2016.06.15-03.08.35:203][748]LogModuleManager: Shutting down and abandoning module StreamingFile (3)
[2016.06.15-03.08.35:203][748]LogModuleManager: Shutting down and abandoning module SandboxFile (2)
[2016.06.15-03.08.35:203][748]LogModuleManager: Shutting down and abandoning module PakFile (1)
[2016.06.15-03.08.35:205][748]LogExit: Exiting.
[2016.06.15-03.08.35:208][748]Log file closed, 06/14/16 23:08:35
